{"C:\\Users\\KASHISH\\Desktop\\expense pilot\\api\\src\\config\\index.js": {"path":"C:\\Users\\KASHISH\\Desktop\\expense pilot\\api\\src\\config\\index.js","statementMap":{"0":{"start":{"line":5,"column":0},"end":{"line":5,"column":27}},"1":{"start":{"line":7,"column":15},"end":{"line":29,"column":1}},"2":{"start":{"line":31,"column":0},"end":{"line":31,"column":24}}},"fnMap":{},"branchMap":{"0":{"loc":{"start":{"line":8,"column":7},"end":{"line":8,"column":44}},"type":"binary-expr","locations":[{"start":{"line":8,"column":7},"end":{"line":8,"column":27}},{"start":{"line":8,"column":31},"end":{"line":8,"column":44}}],"line":8},"1":{"loc":{"start":{"line":9,"column":17},"end":{"line":9,"column":43}},"type":"binary-expr","locations":[{"start":{"line":9,"column":17},"end":{"line":9,"column":33}},{"start":{"line":9,"column":37},"end":{"line":9,"column":43}}],"line":9},"2":{"loc":{"start":{"line":10,"column":15},"end":{"line":10,"column":66}},"type":"binary-expr","locations":[{"start":{"line":10,"column":15},"end":{"line":10,"column":39}},{"start":{"line":10,"column":43},"end":{"line":10,"column":66}}],"line":10},"3":{"loc":{"start":{"line":14,"column":12},"end":{"line":14,"column":85}},"type":"binary-expr","locations":[{"start":{"line":14,"column":12},"end":{"line":14,"column":34}},{"start":{"line":14,"column":38},"end":{"line":14,"column":85}}],"line":14},"4":{"loc":{"start":{"line":15,"column":15},"end":{"line":15,"column":49}},"type":"binary-expr","locations":[{"start":{"line":15,"column":15},"end":{"line":15,"column":41}},{"start":{"line":15,"column":45},"end":{"line":15,"column":49}}],"line":15},"5":{"loc":{"start":{"line":20,"column":22},"end":{"line":20,"column":113}},"type":"binary-expr","locations":[{"start":{"line":20,"column":22},"end":{"line":20,"column":46}},{"start":{"line":20,"column":50},"end":{"line":20,"column":113}}],"line":20},"6":{"loc":{"start":{"line":21,"column":9},"end":{"line":21,"column":86}},"type":"cond-expr","locations":[{"start":{"line":21,"column":49},"end":{"line":21,"column":78}},{"start":{"line":21,"column":81},"end":{"line":21,"column":86}}],"line":21}},"s":{"0":1,"1":1,"2":1},"f":{},"b":{"0":[1,0],"1":[1,1],"2":[1,1],"3":[1,0],"4":[1,1],"5":[1,0],"6":[0,1]},"_coverageSchema":"1a1c01bbd47fc00a2c39e90264f33305004495a9","hash":"48047b7fc290960d42889fee114410f79c69d30e"}
,"C:\\Users\\KASHISH\\Desktop\\expense pilot\\api\\src\\config\\logger.js": {"path":"C:\\Users\\KASHISH\\Desktop\\expense pilot\\api\\src\\config\\logger.js","statementMap":{"0":{"start":{"line":5,"column":15},"end":{"line":5,"column":33}},"1":{"start":{"line":9,"column":22},"end":{"line":9,"column":46}},"2":{"start":{"line":10,"column":23},"end":{"line":10,"column":89}},"3":{"start":{"line":11,"column":4},"end":{"line":11,"column":63}},"4":{"start":{"line":15,"column":4},"end":{"line":15,"column":59}},"5":{"start":{"line":19,"column":4},"end":{"line":19,"column":60}},"6":{"start":{"line":23,"column":20},"end":{"line":26,"column":5}},"7":{"start":{"line":27,"column":4},"end":{"line":27,"column":65}},"8":{"start":{"line":31,"column":0},"end":{"line":31,"column":24}}},"fnMap":{"0":{"name":"(anonymous_0)","decl":{"start":{"line":8,"column":2},"end":{"line":8,"column":3}},"loc":{"start":{"line":8,"column":50},"end":{"line":12,"column":3}},"line":8},"1":{"name":"(anonymous_1)","decl":{"start":{"line":14,"column":2},"end":{"line":14,"column":3}},"loc":{"start":{"line":14,"column":29},"end":{"line":16,"column":3}},"line":14},"2":{"name":"(anonymous_2)","decl":{"start":{"line":18,"column":2},"end":{"line":18,"column":3}},"loc":{"start":{"line":18,"column":29},"end":{"line":20,"column":3}},"line":18},"3":{"name":"(anonymous_3)","decl":{"start":{"line":22,"column":2},"end":{"line":22,"column":3}},"loc":{"start":{"line":22,"column":36},"end":{"line":28,"column":3}},"line":22}},"branchMap":{"0":{"loc":{"start":{"line":8,"column":39},"end":{"line":8,"column":48}},"type":"default-arg","locations":[{"start":{"line":8,"column":46},"end":{"line":8,"column":48}}],"line":8},"1":{"loc":{"start":{"line":10,"column":23},"end":{"line":10,"column":89}},"type":"cond-expr","locations":[{"start":{"line":10,"column":50},"end":{"line":10,"column":84}},{"start":{"line":10,"column":87},"end":{"line":10,"column":89}}],"line":10},"2":{"loc":{"start":{"line":22,"column":24},"end":{"line":22,"column":34}},"type":"default-arg","locations":[{"start":{"line":22,"column":32},"end":{"line":22,"column":34}}],"line":22},"3":{"loc":{"start":{"line":24,"column":15},"end":{"line":24,"column":37}},"type":"binary-expr","locations":[{"start":{"line":24,"column":15},"end":{"line":24,"column":28}},{"start":{"line":24,"column":32},"end":{"line":24,"column":37}}],"line":24},"4":{"loc":{"start":{"line":25,"column":13},"end":{"line":25,"column":67}},"type":"cond-expr","locations":[{"start":{"line":25,"column":44},"end":{"line":25,"column":55}},{"start":{"line":25,"column":58},"end":{"line":25,"column":67}}],"line":25}},"s":{"0":1,"1":0,"2":0,"3":0,"4":0,"5":0,"6":0,"7":0,"8":1},"f":{"0":0,"1":0,"2":0,"3":0},"b":{"0":[0],"1":[0,0],"2":[0],"3":[0,0],"4":[0,0]},"_coverageSchema":"1a1c01bbd47fc00a2c39e90264f33305004495a9","hash":"ca417902e6c9f200c9e78f82654bd21656b66bce"}
,"C:\\Users\\KASHISH\\Desktop\\expense pilot\\api\\src\\db\\pool.js": {"path":"C:\\Users\\KASHISH\\Desktop\\expense pilot\\api\\src\\db\\pool.js","statementMap":{"0":{"start":{"line":5,"column":17},"end":{"line":5,"column":30}},"1":{"start":{"line":6,"column":15},"end":{"line":6,"column":35}},"2":{"start":{"line":7,"column":15},"end":{"line":7,"column":42}},"3":{"start":{"line":9,"column":13},"end":{"line":15,"column":2}},"4":{"start":{"line":17,"column":0},"end":{"line":19,"column":3}},"5":{"start":{"line":18,"column":2},"end":{"line":18,"column":57}},"6":{"start":{"line":21,"column":0},"end":{"line":23,"column":3}},"7":{"start":{"line":22,"column":2},"end":{"line":22,"column":56}},"8":{"start":{"line":25,"column":0},"end":{"line":28,"column":2}},"9":{"start":{"line":26,"column":27},"end":{"line":26,"column":51}}},"fnMap":{"0":{"name":"(anonymous_0)","decl":{"start":{"line":17,"column":19},"end":{"line":17,"column":20}},"loc":{"start":{"line":17,"column":25},"end":{"line":19,"column":1}},"line":17},"1":{"name":"(anonymous_1)","decl":{"start":{"line":21,"column":17},"end":{"line":21,"column":18}},"loc":{"start":{"line":21,"column":26},"end":{"line":23,"column":1}},"line":21},"2":{"name":"(anonymous_2)","decl":{"start":{"line":26,"column":9},"end":{"line":26,"column":10}},"loc":{"start":{"line":26,"column":27},"end":{"line":26,"column":51}},"line":26}},"branchMap":{},"s":{"0":1,"1":1,"2":1,"3":1,"4":1,"5":0,"6":1,"7":0,"8":1,"9":0},"f":{"0":0,"1":0,"2":0},"b":{},"_coverageSchema":"1a1c01bbd47fc00a2c39e90264f33305004495a9","hash":"ef8c3399cbeeb5f2e29e10169dd19d4e28b80b6d"}
,"C:\\Users\\KASHISH\\Desktop\\expense pilot\\api\\src\\services\\insightsService.js": {"path":"C:\\Users\\KASHISH\\Desktop\\expense pilot\\api\\src\\services\\insightsService.js","statementMap":{"0":{"start":{"line":5,"column":11},"end":{"line":5,"column":32}},"1":{"start":{"line":12,"column":16},"end":{"line":12,"column":26}},"2":{"start":{"line":13,"column":25},"end":{"line":13,"column":43}},"3":{"start":{"line":14,"column":24},"end":{"line":14,"column":41}},"4":{"start":{"line":16,"column":22},"end":{"line":16,"column":64}},"5":{"start":{"line":17,"column":21},"end":{"line":17,"column":71}},"6":{"start":{"line":20,"column":23},"end":{"line":24,"column":43}},"7":{"start":{"line":27,"column":20},"end":{"line":31,"column":37}},"8":{"start":{"line":34,"column":24},"end":{"line":40,"column":43}},"9":{"start":{"line":42,"column":25},"end":{"line":42,"column":61}},"10":{"start":{"line":43,"column":27},"end":{"line":43,"column":60}},"11":{"start":{"line":44,"column":29},"end":{"line":44,"column":67}},"12":{"start":{"line":46,"column":23},"end":{"line":51,"column":7}},"13":{"start":{"line":46,"column":52},"end":{"line":51,"column":5}},"14":{"start":{"line":53,"column":29},"end":{"line":55,"column":9}},"15":{"start":{"line":57,"column":4},"end":{"line":64,"column":6}},"16":{"start":{"line":71,"column":16},"end":{"line":81,"column":16}},"17":{"start":{"line":83,"column":21},"end":{"line":83,"column":99}},"18":{"start":{"line":84,"column":26},"end":{"line":84,"column":28}},"19":{"start":{"line":85,"column":4},"end":{"line":85,"column":57}},"20":{"start":{"line":85,"column":30},"end":{"line":85,"column":53}},"21":{"start":{"line":87,"column":4},"end":{"line":92,"column":7}},"22":{"start":{"line":88,"column":18},"end":{"line":88,"column":37}},"23":{"start":{"line":89,"column":6},"end":{"line":91,"column":7}},"24":{"start":{"line":90,"column":8},"end":{"line":90,"column":83}},"25":{"start":{"line":94,"column":4},"end":{"line":94,"column":29}},"26":{"start":{"line":101,"column":21},"end":{"line":101,"column":23}},"27":{"start":{"line":104,"column":24},"end":{"line":109,"column":16}},"28":{"start":{"line":111,"column":4},"end":{"line":120,"column":5}},"29":{"start":{"line":112,"column":6},"end":{"line":119,"column":8}},"30":{"start":{"line":122,"column":21},"end":{"line":126,"column":7}},"31":{"start":{"line":122,"column":48},"end":{"line":126,"column":5}},"32":{"start":{"line":128,"column":23},"end":{"line":128,"column":69}},"33":{"start":{"line":128,"column":51},"end":{"line":128,"column":65}},"34":{"start":{"line":131,"column":27},"end":{"line":131,"column":29}},"35":{"start":{"line":132,"column":4},"end":{"line":134,"column":7}},"36":{"start":{"line":133,"column":6},"end":{"line":133,"column":80}},"37":{"start":{"line":136,"column":29},"end":{"line":136,"column":104}},"38":{"start":{"line":139,"column":35},"end":{"line":139,"column":39}},"39":{"start":{"line":140,"column":33},"end":{"line":140,"column":34}},"40":{"start":{"line":142,"column":4},"end":{"line":147,"column":5}},"41":{"start":{"line":143,"column":6},"end":{"line":146,"column":7}},"42":{"start":{"line":144,"column":8},"end":{"line":144,"column":37}},"43":{"start":{"line":145,"column":8},"end":{"line":145,"column":39}},"44":{"start":{"line":149,"column":4},"end":{"line":160,"column":5}},"45":{"start":{"line":150,"column":31},"end":{"line":150,"column":74}},"46":{"start":{"line":151,"column":6},"end":{"line":159,"column":7}},"47":{"start":{"line":152,"column":32},"end":{"line":152,"column":86}},"48":{"start":{"line":153,"column":8},"end":{"line":158,"column":11}},"49":{"start":{"line":163,"column":4},"end":{"line":175,"column":5}},"50":{"start":{"line":164,"column":6},"end":{"line":174,"column":7}},"51":{"start":{"line":165,"column":20},"end":{"line":165,"column":44}},"52":{"start":{"line":166,"column":8},"end":{"line":173,"column":9}},"53":{"start":{"line":167,"column":10},"end":{"line":172,"column":13}},"54":{"start":{"line":178,"column":28},"end":{"line":178,"column":96}},"55":{"start":{"line":178,"column":49},"end":{"line":178,"column":95}},"56":{"start":{"line":179,"column":28},"end":{"line":179,"column":96}},"57":{"start":{"line":179,"column":49},"end":{"line":179,"column":95}},"58":{"start":{"line":181,"column":23},"end":{"line":183,"column":9}},"59":{"start":{"line":182,"column":43},"end":{"line":182,"column":57}},"60":{"start":{"line":184,"column":23},"end":{"line":186,"column":9}},"61":{"start":{"line":185,"column":43},"end":{"line":185,"column":57}},"62":{"start":{"line":188,"column":4},"end":{"line":196,"column":5}},"63":{"start":{"line":189,"column":30},"end":{"line":189,"column":84}},"64":{"start":{"line":190,"column":6},"end":{"line":195,"column":9}},"65":{"start":{"line":199,"column":23},"end":{"line":212,"column":16}},"66":{"start":{"line":214,"column":4},"end":{"line":226,"column":7}},"67":{"start":{"line":215,"column":20},"end":{"line":215,"column":47}},"68":{"start":{"line":216,"column":20},"end":{"line":216,"column":47}},"69":{"start":{"line":217,"column":6},"end":{"line":225,"column":7}},"70":{"start":{"line":218,"column":24},"end":{"line":218,"column":62}},"71":{"start":{"line":219,"column":8},"end":{"line":224,"column":11}},"72":{"start":{"line":229,"column":4},"end":{"line":235,"column":5}},"73":{"start":{"line":230,"column":6},"end":{"line":234,"column":9}},"74":{"start":{"line":237,"column":26},"end":{"line":237,"column":56}},"75":{"start":{"line":238,"column":4},"end":{"line":238,"column":97}},"76":{"start":{"line":238,"column":28},"end":{"line":238,"column":95}},"77":{"start":{"line":240,"column":34},"end":{"line":240,"column":97}},"78":{"start":{"line":240,"column":62},"end":{"line":240,"column":93}},"79":{"start":{"line":242,"column":4},"end":{"line":245,"column":6}},"80":{"start":{"line":249,"column":0},"end":{"line":249,"column":33}}},"fnMap":{"0":{"name":"(anonymous_0)","decl":{"start":{"line":11,"column":2},"end":{"line":11,"column":3}},"loc":{"start":{"line":11,"column":40},"end":{"line":65,"column":3}},"line":11},"1":{"name":"(anonymous_1)","decl":{"start":{"line":46,"column":44},"end":{"line":46,"column":45}},"loc":{"start":{"line":46,"column":52},"end":{"line":51,"column":5}},"line":46},"2":{"name":"(anonymous_2)","decl":{"start":{"line":70,"column":2},"end":{"line":70,"column":3}},"loc":{"start":{"line":70,"column":40},"end":{"line":95,"column":3}},"line":70},"3":{"name":"(anonymous_3)","decl":{"start":{"line":85,"column":21},"end":{"line":85,"column":22}},"loc":{"start":{"line":85,"column":28},"end":{"line":85,"column":55}},"line":85},"4":{"name":"(anonymous_4)","decl":{"start":{"line":87,"column":21},"end":{"line":87,"column":22}},"loc":{"start":{"line":87,"column":28},"end":{"line":92,"column":5}},"line":87},"5":{"name":"(anonymous_5)","decl":{"start":{"line":100,"column":2},"end":{"line":100,"column":3}},"loc":{"start":{"line":100,"column":40},"end":{"line":246,"column":3}},"line":100},"6":{"name":"(anonymous_6)","decl":{"start":{"line":122,"column":42},"end":{"line":122,"column":43}},"loc":{"start":{"line":122,"column":48},"end":{"line":126,"column":5}},"line":122},"7":{"name":"(anonymous_7)","decl":{"start":{"line":128,"column":39},"end":{"line":128,"column":40}},"loc":{"start":{"line":128,"column":51},"end":{"line":128,"column":65}},"line":128},"8":{"name":"(anonymous_8)","decl":{"start":{"line":132,"column":21},"end":{"line":132,"column":22}},"loc":{"start":{"line":132,"column":26},"end":{"line":134,"column":5}},"line":132},"9":{"name":"(anonymous_9)","decl":{"start":{"line":178,"column":44},"end":{"line":178,"column":45}},"loc":{"start":{"line":178,"column":49},"end":{"line":178,"column":95}},"line":178},"10":{"name":"(anonymous_10)","decl":{"start":{"line":179,"column":44},"end":{"line":179,"column":45}},"loc":{"start":{"line":179,"column":49},"end":{"line":179,"column":95}},"line":179},"11":{"name":"(anonymous_11)","decl":{"start":{"line":182,"column":31},"end":{"line":182,"column":32}},"loc":{"start":{"line":182,"column":43},"end":{"line":182,"column":57}},"line":182},"12":{"name":"(anonymous_12)","decl":{"start":{"line":185,"column":31},"end":{"line":185,"column":32}},"loc":{"start":{"line":185,"column":43},"end":{"line":185,"column":57}},"line":185},"13":{"name":"(anonymous_13)","decl":{"start":{"line":214,"column":28},"end":{"line":214,"column":29}},"loc":{"start":{"line":214,"column":33},"end":{"line":226,"column":5}},"line":214},"14":{"name":"(anonymous_14)","decl":{"start":{"line":238,"column":18},"end":{"line":238,"column":19}},"loc":{"start":{"line":238,"column":28},"end":{"line":238,"column":95}},"line":238},"15":{"name":"(anonymous_15)","decl":{"start":{"line":240,"column":50},"end":{"line":240,"column":51}},"loc":{"start":{"line":240,"column":62},"end":{"line":240,"column":93}},"line":240}},"branchMap":{"0":{"loc":{"start":{"line":16,"column":22},"end":{"line":16,"column":64}},"type":"cond-expr","locations":[{"start":{"line":16,"column":43},"end":{"line":16,"column":45}},{"start":{"line":16,"column":48},"end":{"line":16,"column":64}}],"line":16},"1":{"loc":{"start":{"line":17,"column":21},"end":{"line":17,"column":71}},"type":"cond-expr","locations":[{"start":{"line":17,"column":42},"end":{"line":17,"column":57}},{"start":{"line":17,"column":60},"end":{"line":17,"column":71}}],"line":17},"2":{"loc":{"start":{"line":50,"column":18},"end":{"line":50,"column":108}},"type":"cond-expr","locations":[{"start":{"line":50,"column":37},"end":{"line":50,"column":104}},{"start":{"line":50,"column":107},"end":{"line":50,"column":108}}],"line":50},"3":{"loc":{"start":{"line":53,"column":29},"end":{"line":55,"column":9}},"type":"cond-expr","locations":[{"start":{"line":54,"column":8},"end":{"line":54,"column":87}},{"start":{"line":55,"column":8},"end":{"line":55,"column":9}}],"line":53},"4":{"loc":{"start":{"line":62,"column":19},"end":{"line":62,"column":63}},"type":"cond-expr","locations":[{"start":{"line":62,"column":43},"end":{"line":62,"column":56}},{"start":{"line":62,"column":59},"end":{"line":62,"column":63}}],"line":62},"5":{"loc":{"start":{"line":89,"column":6},"end":{"line":91,"column":7}},"type":"if","locations":[{"start":{"line":89,"column":6},"end":{"line":91,"column":7}},{"start":{},"end":{}}],"line":89},"6":{"loc":{"start":{"line":111,"column":4},"end":{"line":120,"column":5}},"type":"if","locations":[{"start":{"line":111,"column":4},"end":{"line":120,"column":5}},{"start":{},"end":{}}],"line":111},"7":{"loc":{"start":{"line":133,"column":36},"end":{"line":133,"column":67}},"type":"binary-expr","locations":[{"start":{"line":133,"column":36},"end":{"line":133,"column":62}},{"start":{"line":133,"column":66},"end":{"line":133,"column":67}}],"line":133},"8":{"loc":{"start":{"line":143,"column":6},"end":{"line":146,"column":7}},"type":"if","locations":[{"start":{"line":143,"column":6},"end":{"line":146,"column":7}},{"start":{},"end":{}}],"line":143},"9":{"loc":{"start":{"line":143,"column":10},"end":{"line":143,"column":73}},"type":"binary-expr","locations":[{"start":{"line":143,"column":10},"end":{"line":143,"column":41}},{"start":{"line":143,"column":45},"end":{"line":143,"column":73}}],"line":143},"10":{"loc":{"start":{"line":149,"column":4},"end":{"line":160,"column":5}},"type":"if","locations":[{"start":{"line":149,"column":4},"end":{"line":160,"column":5}},{"start":{},"end":{}}],"line":149},"11":{"loc":{"start":{"line":149,"column":8},"end":{"line":149,"column":50}},"type":"binary-expr","locations":[{"start":{"line":149,"column":8},"end":{"line":149,"column":32}},{"start":{"line":149,"column":36},"end":{"line":149,"column":50}}],"line":149},"12":{"loc":{"start":{"line":151,"column":6},"end":{"line":159,"column":7}},"type":"if","locations":[{"start":{"line":151,"column":6},"end":{"line":159,"column":7}},{"start":{},"end":{}}],"line":151},"13":{"loc":{"start":{"line":164,"column":6},"end":{"line":174,"column":7}},"type":"if","locations":[{"start":{"line":164,"column":6},"end":{"line":174,"column":7}},{"start":{},"end":{}}],"line":164},"14":{"loc":{"start":{"line":166,"column":8},"end":{"line":173,"column":9}},"type":"if","locations":[{"start":{"line":166,"column":8},"end":{"line":173,"column":9}},{"start":{},"end":{}}],"line":166},"15":{"loc":{"start":{"line":178,"column":49},"end":{"line":178,"column":95}},"type":"binary-expr","locations":[{"start":{"line":178,"column":49},"end":{"line":178,"column":70}},{"start":{"line":178,"column":74},"end":{"line":178,"column":95}}],"line":178},"16":{"loc":{"start":{"line":179,"column":49},"end":{"line":179,"column":95}},"type":"binary-expr","locations":[{"start":{"line":179,"column":49},"end":{"line":179,"column":70}},{"start":{"line":179,"column":74},"end":{"line":179,"column":95}}],"line":179},"17":{"loc":{"start":{"line":181,"column":23},"end":{"line":183,"column":9}},"type":"cond-expr","locations":[{"start":{"line":182,"column":8},"end":{"line":182,"column":86}},{"start":{"line":183,"column":8},"end":{"line":183,"column":9}}],"line":181},"18":{"loc":{"start":{"line":184,"column":23},"end":{"line":186,"column":9}},"type":"cond-expr","locations":[{"start":{"line":185,"column":8},"end":{"line":185,"column":86}},{"start":{"line":186,"column":8},"end":{"line":186,"column":9}}],"line":184},"19":{"loc":{"start":{"line":188,"column":4},"end":{"line":196,"column":5}},"type":"if","locations":[{"start":{"line":188,"column":4},"end":{"line":196,"column":5}},{"start":{},"end":{}}],"line":188},"20":{"loc":{"start":{"line":188,"column":8},"end":{"line":188,"column":55}},"type":"binary-expr","locations":[{"start":{"line":188,"column":8},"end":{"line":188,"column":22}},{"start":{"line":188,"column":26},"end":{"line":188,"column":55}}],"line":188},"21":{"loc":{"start":{"line":217,"column":6},"end":{"line":225,"column":7}},"type":"if","locations":[{"start":{"line":217,"column":6},"end":{"line":225,"column":7}},{"start":{},"end":{}}],"line":217},"22":{"loc":{"start":{"line":229,"column":4},"end":{"line":235,"column":5}},"type":"if","locations":[{"start":{"line":229,"column":4},"end":{"line":235,"column":5}},{"start":{},"end":{}}],"line":229},"23":{"loc":{"start":{"line":238,"column":29},"end":{"line":238,"column":59}},"type":"binary-expr","locations":[{"start":{"line":238,"column":29},"end":{"line":238,"column":54}},{"start":{"line":238,"column":58},"end":{"line":238,"column":59}}],"line":238},"24":{"loc":{"start":{"line":238,"column":64},"end":{"line":238,"column":94}},"type":"binary-expr","locations":[{"start":{"line":238,"column":64},"end":{"line":238,"column":89}},{"start":{"line":238,"column":93},"end":{"line":238,"column":94}}],"line":238},"25":{"loc":{"start":{"line":240,"column":69},"end":{"line":240,"column":92}},"type":"binary-expr","locations":[{"start":{"line":240,"column":69},"end":{"line":240,"column":87}},{"start":{"line":240,"column":91},"end":{"line":240,"column":92}}],"line":240}},"s":{"0":1,"1":1,"2":1,"3":1,"4":1,"5":1,"6":1,"7":1,"8":1,"9":1,"10":1,"11":1,"12":1,"13":1,"14":1,"15":1,"16":0,"17":0,"18":0,"19":0,"20":0,"21":0,"22":0,"23":0,"24":0,"25":0,"26":3,"27":3,"28":3,"29":1,"30":2,"31":4,"32":2,"33":4,"34":2,"35":2,"36":4,"37":2,"38":2,"39":2,"40":2,"41":4,"42":2,"43":2,"44":2,"45":2,"46":2,"47":2,"48":2,"49":2,"50":4,"51":1,"52":1,"53":1,"54":2,"55":4,"56":2,"57":4,"58":2,"59":0,"60":2,"61":4,"62":2,"63":0,"64":0,"65":2,"66":2,"67":0,"68":0,"69":0,"70":0,"71":0,"72":2,"73":0,"74":2,"75":2,"76":1,"77":2,"78":3,"79":2,"80":1},"f":{"0":1,"1":1,"2":0,"3":0,"4":0,"5":3,"6":4,"7":4,"8":4,"9":4,"10":4,"11":0,"12":4,"13":0,"14":1,"15":3},"b":{"0":[0,1],"1":[0,1],"2":[1,0],"3":[1,0],"4":[1,0],"5":[0,0],"6":[1,2],"7":[4,4],"8":[2,2],"9":[4,3],"10":[2,0],"11":[2,2],"12":[2,0],"13":[1,3],"14":[1,0],"15":[4,4],"16":[4,4],"17":[0,2],"18":[2,0],"19":[0,2],"20":[2,2],"21":[0,0],"22":[0,2],"23":[1,0],"24":[1,1],"25":[3,1]},"_coverageSchema":"1a1c01bbd47fc00a2c39e90264f33305004495a9","hash":"3ee5229531ef8e39f66872c497cd84e46307adb1"}
}
