{"C:\\Users\\KASHISH\\Desktop\\expense pilot\\api\\src\\config\\index.js": {"path":"C:\\Users\\KASHISH\\Desktop\\expense pilot\\api\\src\\config\\index.js","statementMap":{"0":{"start":{"line":5,"column":0},"end":{"line":5,"column":27}},"1":{"start":{"line":7,"column":15},"end":{"line":29,"column":1}},"2":{"start":{"line":31,"column":0},"end":{"line":31,"column":24}}},"fnMap":{},"branchMap":{"0":{"loc":{"start":{"line":8,"column":7},"end":{"line":8,"column":44}},"type":"binary-expr","locations":[{"start":{"line":8,"column":7},"end":{"line":8,"column":27}},{"start":{"line":8,"column":31},"end":{"line":8,"column":44}}],"line":8},"1":{"loc":{"start":{"line":9,"column":17},"end":{"line":9,"column":43}},"type":"binary-expr","locations":[{"start":{"line":9,"column":17},"end":{"line":9,"column":33}},{"start":{"line":9,"column":37},"end":{"line":9,"column":43}}],"line":9},"2":{"loc":{"start":{"line":10,"column":15},"end":{"line":10,"column":66}},"type":"binary-expr","locations":[{"start":{"line":10,"column":15},"end":{"line":10,"column":39}},{"start":{"line":10,"column":43},"end":{"line":10,"column":66}}],"line":10},"3":{"loc":{"start":{"line":14,"column":12},"end":{"line":14,"column":85}},"type":"binary-expr","locations":[{"start":{"line":14,"column":12},"end":{"line":14,"column":34}},{"start":{"line":14,"column":38},"end":{"line":14,"column":85}}],"line":14},"4":{"loc":{"start":{"line":15,"column":15},"end":{"line":15,"column":49}},"type":"binary-expr","locations":[{"start":{"line":15,"column":15},"end":{"line":15,"column":41}},{"start":{"line":15,"column":45},"end":{"line":15,"column":49}}],"line":15},"5":{"loc":{"start":{"line":20,"column":22},"end":{"line":20,"column":113}},"type":"binary-expr","locations":[{"start":{"line":20,"column":22},"end":{"line":20,"column":46}},{"start":{"line":20,"column":50},"end":{"line":20,"column":113}}],"line":20},"6":{"loc":{"start":{"line":21,"column":9},"end":{"line":21,"column":86}},"type":"cond-expr","locations":[{"start":{"line":21,"column":49},"end":{"line":21,"column":78}},{"start":{"line":21,"column":81},"end":{"line":21,"column":86}}],"line":21}},"s":{"0":1,"1":1,"2":1},"f":{},"b":{"0":[1,0],"1":[1,1],"2":[1,1],"3":[1,0],"4":[1,1],"5":[1,0],"6":[0,1]},"_coverageSchema":"1a1c01bbd47fc00a2c39e90264f33305004495a9","hash":"48047b7fc290960d42889fee114410f79c69d30e"}
,"C:\\Users\\KASHISH\\Desktop\\expense pilot\\api\\src\\config\\logger.js": {"path":"C:\\Users\\KASHISH\\Desktop\\expense pilot\\api\\src\\config\\logger.js","statementMap":{"0":{"start":{"line":5,"column":15},"end":{"line":5,"column":33}},"1":{"start":{"line":9,"column":22},"end":{"line":9,"column":46}},"2":{"start":{"line":10,"column":23},"end":{"line":10,"column":89}},"3":{"start":{"line":11,"column":4},"end":{"line":11,"column":63}},"4":{"start":{"line":15,"column":4},"end":{"line":15,"column":59}},"5":{"start":{"line":19,"column":4},"end":{"line":19,"column":60}},"6":{"start":{"line":23,"column":20},"end":{"line":26,"column":5}},"7":{"start":{"line":27,"column":4},"end":{"line":27,"column":65}},"8":{"start":{"line":31,"column":0},"end":{"line":31,"column":24}}},"fnMap":{"0":{"name":"(anonymous_0)","decl":{"start":{"line":8,"column":2},"end":{"line":8,"column":3}},"loc":{"start":{"line":8,"column":50},"end":{"line":12,"column":3}},"line":8},"1":{"name":"(anonymous_1)","decl":{"start":{"line":14,"column":2},"end":{"line":14,"column":3}},"loc":{"start":{"line":14,"column":29},"end":{"line":16,"column":3}},"line":14},"2":{"name":"(anonymous_2)","decl":{"start":{"line":18,"column":2},"end":{"line":18,"column":3}},"loc":{"start":{"line":18,"column":29},"end":{"line":20,"column":3}},"line":18},"3":{"name":"(anonymous_3)","decl":{"start":{"line":22,"column":2},"end":{"line":22,"column":3}},"loc":{"start":{"line":22,"column":36},"end":{"line":28,"column":3}},"line":22}},"branchMap":{"0":{"loc":{"start":{"line":8,"column":39},"end":{"line":8,"column":48}},"type":"default-arg","locations":[{"start":{"line":8,"column":46},"end":{"line":8,"column":48}}],"line":8},"1":{"loc":{"start":{"line":10,"column":23},"end":{"line":10,"column":89}},"type":"cond-expr","locations":[{"start":{"line":10,"column":50},"end":{"line":10,"column":84}},{"start":{"line":10,"column":87},"end":{"line":10,"column":89}}],"line":10},"2":{"loc":{"start":{"line":22,"column":24},"end":{"line":22,"column":34}},"type":"default-arg","locations":[{"start":{"line":22,"column":32},"end":{"line":22,"column":34}}],"line":22},"3":{"loc":{"start":{"line":24,"column":15},"end":{"line":24,"column":37}},"type":"binary-expr","locations":[{"start":{"line":24,"column":15},"end":{"line":24,"column":28}},{"start":{"line":24,"column":32},"end":{"line":24,"column":37}}],"line":24},"4":{"loc":{"start":{"line":25,"column":13},"end":{"line":25,"column":67}},"type":"cond-expr","locations":[{"start":{"line":25,"column":44},"end":{"line":25,"column":55}},{"start":{"line":25,"column":58},"end":{"line":25,"column":67}}],"line":25}},"s":{"0":1,"1":0,"2":0,"3":0,"4":0,"5":0,"6":0,"7":0,"8":1},"f":{"0":0,"1":0,"2":0,"3":0},"b":{"0":[0],"1":[0,0],"2":[0],"3":[0,0],"4":[0,0]},"_coverageSchema":"1a1c01bbd47fc00a2c39e90264f33305004495a9","hash":"ca417902e6c9f200c9e78f82654bd21656b66bce"}
,"C:\\Users\\KASHISH\\Desktop\\expense pilot\\api\\src\\db\\pool.js": {"path":"C:\\Users\\KASHISH\\Desktop\\expense pilot\\api\\src\\db\\pool.js","statementMap":{"0":{"start":{"line":5,"column":17},"end":{"line":5,"column":30}},"1":{"start":{"line":6,"column":15},"end":{"line":6,"column":35}},"2":{"start":{"line":7,"column":15},"end":{"line":7,"column":42}},"3":{"start":{"line":9,"column":13},"end":{"line":15,"column":2}},"4":{"start":{"line":17,"column":0},"end":{"line":19,"column":3}},"5":{"start":{"line":18,"column":2},"end":{"line":18,"column":57}},"6":{"start":{"line":21,"column":0},"end":{"line":23,"column":3}},"7":{"start":{"line":22,"column":2},"end":{"line":22,"column":56}},"8":{"start":{"line":25,"column":0},"end":{"line":28,"column":2}},"9":{"start":{"line":26,"column":27},"end":{"line":26,"column":51}}},"fnMap":{"0":{"name":"(anonymous_0)","decl":{"start":{"line":17,"column":19},"end":{"line":17,"column":20}},"loc":{"start":{"line":17,"column":25},"end":{"line":19,"column":1}},"line":17},"1":{"name":"(anonymous_1)","decl":{"start":{"line":21,"column":17},"end":{"line":21,"column":18}},"loc":{"start":{"line":21,"column":26},"end":{"line":23,"column":1}},"line":21},"2":{"name":"(anonymous_2)","decl":{"start":{"line":26,"column":9},"end":{"line":26,"column":10}},"loc":{"start":{"line":26,"column":27},"end":{"line":26,"column":51}},"line":26}},"branchMap":{},"s":{"0":1,"1":1,"2":1,"3":1,"4":1,"5":0,"6":1,"7":0,"8":1,"9":0},"f":{"0":0,"1":0,"2":0},"b":{},"_coverageSchema":"1a1c01bbd47fc00a2c39e90264f33305004495a9","hash":"ef8c3399cbeeb5f2e29e10169dd19d4e28b80b6d"}
,"C:\\Users\\KASHISH\\Desktop\\expense pilot\\api\\src\\services\\insightsService.js": {"path":"C:\\Users\\KASHISH\\Desktop\\expense pilot\\api\\src\\services\\insightsService.js","statementMap":{"0":{"start":{"line":5,"column":11},"end":{"line":5,"column":32}},"1":{"start":{"line":12,"column":16},"end":{"line":12,"column":26}},"2":{"start":{"line":13,"column":25},"end":{"line":13,"column":43}},"3":{"start":{"line":14,"column":24},"end":{"line":14,"column":41}},"4":{"start":{"line":16,"column":22},"end":{"line":16,"column":64}},"5":{"start":{"line":17,"column":21},"end":{"line":17,"column":71}},"6":{"start":{"line":20,"column":23},"end":{"line":24,"column":43}},"7":{"start":{"line":27,"column":20},"end":{"line":31,"column":37}},"8":{"start":{"line":34,"column":24},"end":{"line":40,"column":43}},"9":{"start":{"line":42,"column":25},"end":{"line":42,"column":61}},"10":{"start":{"line":43,"column":27},"end":{"line":43,"column":60}},"11":{"start":{"line":44,"column":29},"end":{"line":44,"column":67}},"12":{"start":{"line":46,"column":23},"end":{"line":51,"column":7}},"13":{"start":{"line":46,"column":52},"end":{"line":51,"column":5}},"14":{"start":{"line":53,"column":29},"end":{"line":55,"column":9}},"15":{"start":{"line":57,"column":4},"end":{"line":64,"column":6}},"16":{"start":{"line":71,"column":16},"end":{"line":81,"column":16}},"17":{"start":{"line":83,"column":21},"end":{"line":83,"column":99}},"18":{"start":{"line":84,"column":26},"end":{"line":84,"column":28}},"19":{"start":{"line":85,"column":4},"end":{"line":85,"column":57}},"20":{"start":{"line":85,"column":30},"end":{"line":85,"column":53}},"21":{"start":{"line":87,"column":4},"end":{"line":92,"column":7}},"22":{"start":{"line":88,"column":18},"end":{"line":88,"column":37}},"23":{"start":{"line":89,"column":6},"end":{"line":91,"column":7}},"24":{"start":{"line":90,"column":8},"end":{"line":90,"column":83}},"25":{"start":{"line":94,"column":4},"end":{"line":94,"column":29}},"26":{"start":{"line":101,"column":21},"end":{"line":101,"column":23}},"27":{"start":{"line":104,"column":24},"end":{"line":109,"column":16}},"28":{"start":{"line":111,"column":4},"end":{"line":120,"column":5}},"29":{"start":{"line":112,"column":6},"end":{"line":119,"column":8}},"30":{"start":{"line":122,"column":21},"end":{"line":126,"column":7}},"31":{"start":{"line":122,"column":48},"end":{"line":126,"column":5}},"32":{"start":{"line":128,"column":23},"end":{"line":128,"column":69}},"33":{"start":{"line":128,"column":51},"end":{"line":128,"column":65}},"34":{"start":{"line":131,"column":27},"end":{"line":131,"column":29}},"35":{"start":{"line":132,"column":4},"end":{"line":134,"column":7}},"36":{"start":{"line":133,"column":6},"end":{"line":133,"column":80}},"37":{"start":{"line":136,"column":22},"end":{"line":136,"column":26}},"38":{"start":{"line":137,"column":28},"end":{"line":137,"column":29}},"39":{"start":{"line":139,"column":4},"end":{"line":144,"column":5}},"40":{"start":{"line":140,"column":6},"end":{"line":143,"column":7}},"41":{"start":{"line":141,"column":8},"end":{"line":141,"column":32}},"42":{"start":{"line":142,"column":8},"end":{"line":142,"column":26}},"43":{"start":{"line":146,"column":4},"end":{"line":157,"column":5}},"44":{"start":{"line":147,"column":31},"end":{"line":147,"column":69}},"45":{"start":{"line":148,"column":6},"end":{"line":156,"column":7}},"46":{"start":{"line":149,"column":32},"end":{"line":149,"column":81}},"47":{"start":{"line":150,"column":8},"end":{"line":155,"column":11}},"48":{"start":{"line":160,"column":28},"end":{"line":160,"column":96}},"49":{"start":{"line":160,"column":49},"end":{"line":160,"column":95}},"50":{"start":{"line":161,"column":28},"end":{"line":161,"column":96}},"51":{"start":{"line":161,"column":49},"end":{"line":161,"column":95}},"52":{"start":{"line":163,"column":23},"end":{"line":165,"column":9}},"53":{"start":{"line":164,"column":43},"end":{"line":164,"column":57}},"54":{"start":{"line":166,"column":23},"end":{"line":168,"column":9}},"55":{"start":{"line":167,"column":43},"end":{"line":167,"column":57}},"56":{"start":{"line":170,"column":4},"end":{"line":178,"column":5}},"57":{"start":{"line":171,"column":30},"end":{"line":171,"column":84}},"58":{"start":{"line":172,"column":6},"end":{"line":177,"column":9}},"59":{"start":{"line":181,"column":23},"end":{"line":194,"column":16}},"60":{"start":{"line":196,"column":4},"end":{"line":208,"column":7}},"61":{"start":{"line":197,"column":20},"end":{"line":197,"column":47}},"62":{"start":{"line":198,"column":20},"end":{"line":198,"column":47}},"63":{"start":{"line":199,"column":6},"end":{"line":207,"column":7}},"64":{"start":{"line":200,"column":24},"end":{"line":200,"column":62}},"65":{"start":{"line":201,"column":8},"end":{"line":206,"column":11}},"66":{"start":{"line":211,"column":4},"end":{"line":217,"column":5}},"67":{"start":{"line":212,"column":6},"end":{"line":216,"column":9}},"68":{"start":{"line":219,"column":26},"end":{"line":219,"column":56}},"69":{"start":{"line":220,"column":4},"end":{"line":220,"column":97}},"70":{"start":{"line":220,"column":28},"end":{"line":220,"column":95}},"71":{"start":{"line":222,"column":34},"end":{"line":222,"column":97}},"72":{"start":{"line":222,"column":62},"end":{"line":222,"column":93}},"73":{"start":{"line":224,"column":4},"end":{"line":227,"column":6}},"74":{"start":{"line":231,"column":0},"end":{"line":231,"column":33}}},"fnMap":{"0":{"name":"(anonymous_0)","decl":{"start":{"line":11,"column":2},"end":{"line":11,"column":3}},"loc":{"start":{"line":11,"column":40},"end":{"line":65,"column":3}},"line":11},"1":{"name":"(anonymous_1)","decl":{"start":{"line":46,"column":44},"end":{"line":46,"column":45}},"loc":{"start":{"line":46,"column":52},"end":{"line":51,"column":5}},"line":46},"2":{"name":"(anonymous_2)","decl":{"start":{"line":70,"column":2},"end":{"line":70,"column":3}},"loc":{"start":{"line":70,"column":40},"end":{"line":95,"column":3}},"line":70},"3":{"name":"(anonymous_3)","decl":{"start":{"line":85,"column":21},"end":{"line":85,"column":22}},"loc":{"start":{"line":85,"column":28},"end":{"line":85,"column":55}},"line":85},"4":{"name":"(anonymous_4)","decl":{"start":{"line":87,"column":21},"end":{"line":87,"column":22}},"loc":{"start":{"line":87,"column":28},"end":{"line":92,"column":5}},"line":87},"5":{"name":"(anonymous_5)","decl":{"start":{"line":100,"column":2},"end":{"line":100,"column":3}},"loc":{"start":{"line":100,"column":40},"end":{"line":228,"column":3}},"line":100},"6":{"name":"(anonymous_6)","decl":{"start":{"line":122,"column":42},"end":{"line":122,"column":43}},"loc":{"start":{"line":122,"column":48},"end":{"line":126,"column":5}},"line":122},"7":{"name":"(anonymous_7)","decl":{"start":{"line":128,"column":39},"end":{"line":128,"column":40}},"loc":{"start":{"line":128,"column":51},"end":{"line":128,"column":65}},"line":128},"8":{"name":"(anonymous_8)","decl":{"start":{"line":132,"column":21},"end":{"line":132,"column":22}},"loc":{"start":{"line":132,"column":26},"end":{"line":134,"column":5}},"line":132},"9":{"name":"(anonymous_9)","decl":{"start":{"line":160,"column":44},"end":{"line":160,"column":45}},"loc":{"start":{"line":160,"column":49},"end":{"line":160,"column":95}},"line":160},"10":{"name":"(anonymous_10)","decl":{"start":{"line":161,"column":44},"end":{"line":161,"column":45}},"loc":{"start":{"line":161,"column":49},"end":{"line":161,"column":95}},"line":161},"11":{"name":"(anonymous_11)","decl":{"start":{"line":164,"column":31},"end":{"line":164,"column":32}},"loc":{"start":{"line":164,"column":43},"end":{"line":164,"column":57}},"line":164},"12":{"name":"(anonymous_12)","decl":{"start":{"line":167,"column":31},"end":{"line":167,"column":32}},"loc":{"start":{"line":167,"column":43},"end":{"line":167,"column":57}},"line":167},"13":{"name":"(anonymous_13)","decl":{"start":{"line":196,"column":28},"end":{"line":196,"column":29}},"loc":{"start":{"line":196,"column":33},"end":{"line":208,"column":5}},"line":196},"14":{"name":"(anonymous_14)","decl":{"start":{"line":220,"column":18},"end":{"line":220,"column":19}},"loc":{"start":{"line":220,"column":28},"end":{"line":220,"column":95}},"line":220},"15":{"name":"(anonymous_15)","decl":{"start":{"line":222,"column":50},"end":{"line":222,"column":51}},"loc":{"start":{"line":222,"column":62},"end":{"line":222,"column":93}},"line":222}},"branchMap":{"0":{"loc":{"start":{"line":16,"column":22},"end":{"line":16,"column":64}},"type":"cond-expr","locations":[{"start":{"line":16,"column":43},"end":{"line":16,"column":45}},{"start":{"line":16,"column":48},"end":{"line":16,"column":64}}],"line":16},"1":{"loc":{"start":{"line":17,"column":21},"end":{"line":17,"column":71}},"type":"cond-expr","locations":[{"start":{"line":17,"column":42},"end":{"line":17,"column":57}},{"start":{"line":17,"column":60},"end":{"line":17,"column":71}}],"line":17},"2":{"loc":{"start":{"line":50,"column":18},"end":{"line":50,"column":108}},"type":"cond-expr","locations":[{"start":{"line":50,"column":37},"end":{"line":50,"column":104}},{"start":{"line":50,"column":107},"end":{"line":50,"column":108}}],"line":50},"3":{"loc":{"start":{"line":53,"column":29},"end":{"line":55,"column":9}},"type":"cond-expr","locations":[{"start":{"line":54,"column":8},"end":{"line":54,"column":87}},{"start":{"line":55,"column":8},"end":{"line":55,"column":9}}],"line":53},"4":{"loc":{"start":{"line":62,"column":19},"end":{"line":62,"column":72}},"type":"cond-expr","locations":[{"start":{"line":62,"column":43},"end":{"line":62,"column":65}},{"start":{"line":62,"column":68},"end":{"line":62,"column":72}}],"line":62},"5":{"loc":{"start":{"line":89,"column":6},"end":{"line":91,"column":7}},"type":"if","locations":[{"start":{"line":89,"column":6},"end":{"line":91,"column":7}},{"start":{},"end":{}}],"line":89},"6":{"loc":{"start":{"line":111,"column":4},"end":{"line":120,"column":5}},"type":"if","locations":[{"start":{"line":111,"column":4},"end":{"line":120,"column":5}},{"start":{},"end":{}}],"line":111},"7":{"loc":{"start":{"line":133,"column":36},"end":{"line":133,"column":67}},"type":"binary-expr","locations":[{"start":{"line":133,"column":36},"end":{"line":133,"column":62}},{"start":{"line":133,"column":66},"end":{"line":133,"column":67}}],"line":133},"8":{"loc":{"start":{"line":140,"column":6},"end":{"line":143,"column":7}},"type":"if","locations":[{"start":{"line":140,"column":6},"end":{"line":143,"column":7}},{"start":{},"end":{}}],"line":140},"9":{"loc":{"start":{"line":146,"column":4},"end":{"line":157,"column":5}},"type":"if","locations":[{"start":{"line":146,"column":4},"end":{"line":157,"column":5}},{"start":{},"end":{}}],"line":146},"10":{"loc":{"start":{"line":146,"column":8},"end":{"line":146,"column":37}},"type":"binary-expr","locations":[{"start":{"line":146,"column":8},"end":{"line":146,"column":19}},{"start":{"line":146,"column":23},"end":{"line":146,"column":37}}],"line":146},"11":{"loc":{"start":{"line":148,"column":6},"end":{"line":156,"column":7}},"type":"if","locations":[{"start":{"line":148,"column":6},"end":{"line":156,"column":7}},{"start":{},"end":{}}],"line":148},"12":{"loc":{"start":{"line":160,"column":49},"end":{"line":160,"column":95}},"type":"binary-expr","locations":[{"start":{"line":160,"column":49},"end":{"line":160,"column":70}},{"start":{"line":160,"column":74},"end":{"line":160,"column":95}}],"line":160},"13":{"loc":{"start":{"line":161,"column":49},"end":{"line":161,"column":95}},"type":"binary-expr","locations":[{"start":{"line":161,"column":49},"end":{"line":161,"column":70}},{"start":{"line":161,"column":74},"end":{"line":161,"column":95}}],"line":161},"14":{"loc":{"start":{"line":163,"column":23},"end":{"line":165,"column":9}},"type":"cond-expr","locations":[{"start":{"line":164,"column":8},"end":{"line":164,"column":86}},{"start":{"line":165,"column":8},"end":{"line":165,"column":9}}],"line":163},"15":{"loc":{"start":{"line":166,"column":23},"end":{"line":168,"column":9}},"type":"cond-expr","locations":[{"start":{"line":167,"column":8},"end":{"line":167,"column":86}},{"start":{"line":168,"column":8},"end":{"line":168,"column":9}}],"line":166},"16":{"loc":{"start":{"line":170,"column":4},"end":{"line":178,"column":5}},"type":"if","locations":[{"start":{"line":170,"column":4},"end":{"line":178,"column":5}},{"start":{},"end":{}}],"line":170},"17":{"loc":{"start":{"line":170,"column":8},"end":{"line":170,"column":55}},"type":"binary-expr","locations":[{"start":{"line":170,"column":8},"end":{"line":170,"column":22}},{"start":{"line":170,"column":26},"end":{"line":170,"column":55}}],"line":170},"18":{"loc":{"start":{"line":199,"column":6},"end":{"line":207,"column":7}},"type":"if","locations":[{"start":{"line":199,"column":6},"end":{"line":207,"column":7}},{"start":{},"end":{}}],"line":199},"19":{"loc":{"start":{"line":211,"column":4},"end":{"line":217,"column":5}},"type":"if","locations":[{"start":{"line":211,"column":4},"end":{"line":217,"column":5}},{"start":{},"end":{}}],"line":211},"20":{"loc":{"start":{"line":220,"column":29},"end":{"line":220,"column":59}},"type":"binary-expr","locations":[{"start":{"line":220,"column":29},"end":{"line":220,"column":54}},{"start":{"line":220,"column":58},"end":{"line":220,"column":59}}],"line":220},"21":{"loc":{"start":{"line":220,"column":64},"end":{"line":220,"column":94}},"type":"binary-expr","locations":[{"start":{"line":220,"column":64},"end":{"line":220,"column":89}},{"start":{"line":220,"column":93},"end":{"line":220,"column":94}}],"line":220},"22":{"loc":{"start":{"line":222,"column":69},"end":{"line":222,"column":92}},"type":"binary-expr","locations":[{"start":{"line":222,"column":69},"end":{"line":222,"column":87}},{"start":{"line":222,"column":91},"end":{"line":222,"column":92}}],"line":222}},"s":{"0":1,"1":0,"2":0,"3":0,"4":0,"5":0,"6":0,"7":0,"8":0,"9":0,"10":0,"11":0,"12":0,"13":0,"14":0,"15":0,"16":0,"17":0,"18":0,"19":0,"20":0,"21":0,"22":0,"23":0,"24":0,"25":0,"26":2,"27":2,"28":2,"29":1,"30":1,"31":2,"32":1,"33":2,"34":1,"35":1,"36":2,"37":1,"38":1,"39":1,"40":2,"41":1,"42":1,"43":1,"44":1,"45":1,"46":1,"47":1,"48":1,"49":2,"50":1,"51":2,"52":1,"53":0,"54":1,"55":2,"56":1,"57":0,"58":0,"59":1,"60":1,"61":0,"62":0,"63":0,"64":0,"65":0,"66":1,"67":0,"68":1,"69":1,"70":0,"71":1,"72":1,"73":1,"74":1},"f":{"0":0,"1":0,"2":0,"3":0,"4":0,"5":2,"6":2,"7":2,"8":2,"9":2,"10":2,"11":0,"12":2,"13":0,"14":0,"15":1},"b":{"0":[0,0],"1":[0,0],"2":[0,0],"3":[0,0],"4":[0,0],"5":[0,0],"6":[1,1],"7":[2,2],"8":[1,1],"9":[1,0],"10":[1,1],"11":[1,0],"12":[2,2],"13":[2,2],"14":[0,1],"15":[1,0],"16":[0,1],"17":[1,1],"18":[0,0],"19":[0,1],"20":[0,0],"21":[0,0],"22":[1,0]},"_coverageSchema":"1a1c01bbd47fc00a2c39e90264f33305004495a9","hash":"11b1d6c51edfdce6a239a6ffc03a740158a38ba0"}
}
