TN:
SF:src\config\index.js
FNF:0
FNH:0
DA:5,1
DA:7,1
DA:31,1
LF:3
LH:3
BRDA:8,0,0,1
BRDA:8,0,1,0
BRDA:9,1,0,1
BRDA:9,1,1,1
BRDA:10,2,0,1
BRDA:10,2,1,1
BRDA:14,3,0,1
BRDA:14,3,1,0
BRDA:15,4,0,1
BRDA:15,4,1,1
BRDA:20,5,0,1
BRDA:20,5,1,0
BRDA:21,6,0,0
BRDA:21,6,1,1
BRF:14
BRH:10
end_of_record
TN:
SF:src\config\logger.js
FN:8,(anonymous_0)
FN:14,(anonymous_1)
FN:18,(anonymous_2)
FN:22,(anonymous_3)
FNF:4
FNH:0
FNDA:0,(anonymous_0)
FNDA:0,(anonymous_1)
FNDA:0,(anonymous_2)
FNDA:0,(anonymous_3)
DA:5,1
DA:9,0
DA:10,0
DA:11,0
DA:15,0
DA:19,0
DA:23,0
DA:27,0
DA:31,1
LF:9
LH:2
BRDA:8,0,0,0
BRDA:10,1,0,0
BRDA:10,1,1,0
BRDA:22,2,0,0
BRDA:24,3,0,0
BRDA:24,3,1,0
BRDA:25,4,0,0
BRDA:25,4,1,0
BRF:8
BRH:0
end_of_record
TN:
SF:src\db\pool.js
FN:17,(anonymous_0)
FN:21,(anonymous_1)
FN:26,(anonymous_2)
FNF:3
FNH:0
FNDA:0,(anonymous_0)
FNDA:0,(anonymous_1)
FNDA:0,(anonymous_2)
DA:5,1
DA:6,1
DA:7,1
DA:9,1
DA:17,1
DA:18,0
DA:21,1
DA:22,0
DA:25,1
DA:26,0
LF:10
LH:7
BRF:0
BRH:0
end_of_record
TN:
SF:src\services\insightsService.js
FN:11,(anonymous_0)
FN:46,(anonymous_1)
FN:70,(anonymous_2)
FN:85,(anonymous_3)
FN:87,(anonymous_4)
FN:100,(anonymous_5)
FN:122,(anonymous_6)
FN:128,(anonymous_7)
FN:132,(anonymous_8)
FN:160,(anonymous_9)
FN:161,(anonymous_10)
FN:164,(anonymous_11)
FN:167,(anonymous_12)
FN:196,(anonymous_13)
FN:220,(anonymous_14)
FN:222,(anonymous_15)
FNF:16
FNH:8
FNDA:0,(anonymous_0)
FNDA:0,(anonymous_1)
FNDA:0,(anonymous_2)
FNDA:0,(anonymous_3)
FNDA:0,(anonymous_4)
FNDA:2,(anonymous_5)
FNDA:2,(anonymous_6)
FNDA:2,(anonymous_7)
FNDA:2,(anonymous_8)
FNDA:2,(anonymous_9)
FNDA:2,(anonymous_10)
FNDA:0,(anonymous_11)
FNDA:2,(anonymous_12)
FNDA:0,(anonymous_13)
FNDA:0,(anonymous_14)
FNDA:1,(anonymous_15)
DA:5,1
DA:12,0
DA:13,0
DA:14,0
DA:16,0
DA:17,0
DA:20,0
DA:27,0
DA:34,0
DA:42,0
DA:43,0
DA:44,0
DA:46,0
DA:53,0
DA:57,0
DA:71,0
DA:83,0
DA:84,0
DA:85,0
DA:87,0
DA:88,0
DA:89,0
DA:90,0
DA:94,0
DA:101,2
DA:104,2
DA:111,2
DA:112,1
DA:122,2
DA:128,2
DA:131,1
DA:132,1
DA:133,2
DA:136,1
DA:137,1
DA:139,1
DA:140,2
DA:141,1
DA:142,1
DA:146,1
DA:147,1
DA:148,1
DA:149,1
DA:150,1
DA:160,2
DA:161,2
DA:163,1
DA:164,0
DA:166,1
DA:167,2
DA:170,1
DA:171,0
DA:172,0
DA:181,1
DA:196,1
DA:197,0
DA:198,0
DA:199,0
DA:200,0
DA:201,0
DA:211,1
DA:212,0
DA:219,1
DA:220,1
DA:222,1
DA:224,1
DA:231,1
LF:67
LH:35
BRDA:16,0,0,0
BRDA:16,0,1,0
BRDA:17,1,0,0
BRDA:17,1,1,0
BRDA:50,2,0,0
BRDA:50,2,1,0
BRDA:53,3,0,0
BRDA:53,3,1,0
BRDA:62,4,0,0
BRDA:62,4,1,0
BRDA:89,5,0,0
BRDA:89,5,1,0
BRDA:111,6,0,1
BRDA:111,6,1,1
BRDA:133,7,0,2
BRDA:133,7,1,2
BRDA:140,8,0,1
BRDA:140,8,1,1
BRDA:146,9,0,1
BRDA:146,9,1,0
BRDA:146,10,0,1
BRDA:146,10,1,1
BRDA:148,11,0,1
BRDA:148,11,1,0
BRDA:160,12,0,2
BRDA:160,12,1,2
BRDA:161,13,0,2
BRDA:161,13,1,2
BRDA:163,14,0,0
BRDA:163,14,1,1
BRDA:166,15,0,1
BRDA:166,15,1,0
BRDA:170,16,0,0
BRDA:170,16,1,1
BRDA:170,17,0,1
BRDA:170,17,1,1
BRDA:199,18,0,0
BRDA:199,18,1,0
BRDA:211,19,0,0
BRDA:211,19,1,1
BRDA:220,20,0,0
BRDA:220,20,1,0
BRDA:220,21,0,0
BRDA:220,21,1,0
BRDA:222,22,0,1
BRDA:222,22,1,0
BRF:46
BRH:21
end_of_record
