TN:
SF:src\config\index.js
FNF:0
FNH:0
DA:5,1
DA:7,1
DA:31,1
LF:3
LH:3
BRDA:8,0,0,1
BRDA:8,0,1,0
BRDA:9,1,0,1
BRDA:9,1,1,1
BRDA:10,2,0,1
BRDA:10,2,1,1
BRDA:14,3,0,1
BRDA:14,3,1,0
BRDA:15,4,0,1
BRDA:15,4,1,1
BRDA:20,5,0,1
BRDA:20,5,1,0
BRDA:21,6,0,0
BRDA:21,6,1,1
BRF:14
BRH:10
end_of_record
TN:
SF:src\config\logger.js
FN:8,(anonymous_0)
FN:14,(anonymous_1)
FN:18,(anonymous_2)
FN:22,(anonymous_3)
FNF:4
FNH:0
FNDA:0,(anonymous_0)
FNDA:0,(anonymous_1)
FNDA:0,(anonymous_2)
FNDA:0,(anonymous_3)
DA:5,1
DA:9,0
DA:10,0
DA:11,0
DA:15,0
DA:19,0
DA:23,0
DA:27,0
DA:31,1
LF:9
LH:2
BRDA:8,0,0,0
BRDA:10,1,0,0
BRDA:10,1,1,0
BRDA:22,2,0,0
BRDA:24,3,0,0
BRDA:24,3,1,0
BRDA:25,4,0,0
BRDA:25,4,1,0
BRF:8
BRH:0
end_of_record
TN:
SF:src\db\pool.js
FN:17,(anonymous_0)
FN:21,(anonymous_1)
FN:26,(anonymous_2)
FNF:3
FNH:0
FNDA:0,(anonymous_0)
FNDA:0,(anonymous_1)
FNDA:0,(anonymous_2)
DA:5,1
DA:6,1
DA:7,1
DA:9,1
DA:17,1
DA:18,0
DA:21,1
DA:22,0
DA:25,1
DA:26,0
LF:10
LH:7
BRF:0
BRH:0
end_of_record
TN:
SF:src\services\insightsService.js
FN:11,(anonymous_0)
FN:46,(anonymous_1)
FN:70,(anonymous_2)
FN:85,(anonymous_3)
FN:87,(anonymous_4)
FN:100,(anonymous_5)
FN:122,(anonymous_6)
FN:128,(anonymous_7)
FN:132,(anonymous_8)
FN:178,(anonymous_9)
FN:179,(anonymous_10)
FN:182,(anonymous_11)
FN:185,(anonymous_12)
FN:214,(anonymous_13)
FN:238,(anonymous_14)
FN:240,(anonymous_15)
FNF:16
FNH:11
FNDA:1,(anonymous_0)
FNDA:1,(anonymous_1)
FNDA:0,(anonymous_2)
FNDA:0,(anonymous_3)
FNDA:0,(anonymous_4)
FNDA:3,(anonymous_5)
FNDA:4,(anonymous_6)
FNDA:4,(anonymous_7)
FNDA:4,(anonymous_8)
FNDA:4,(anonymous_9)
FNDA:4,(anonymous_10)
FNDA:0,(anonymous_11)
FNDA:4,(anonymous_12)
FNDA:0,(anonymous_13)
FNDA:1,(anonymous_14)
FNDA:3,(anonymous_15)
DA:5,1
DA:12,1
DA:13,1
DA:14,1
DA:16,1
DA:17,1
DA:20,1
DA:27,1
DA:34,1
DA:42,1
DA:43,1
DA:44,1
DA:46,1
DA:53,1
DA:57,1
DA:71,0
DA:83,0
DA:84,0
DA:85,0
DA:87,0
DA:88,0
DA:89,0
DA:90,0
DA:94,0
DA:101,3
DA:104,3
DA:111,3
DA:112,1
DA:122,4
DA:128,4
DA:131,2
DA:132,2
DA:133,4
DA:136,2
DA:139,2
DA:140,2
DA:142,2
DA:143,4
DA:144,2
DA:145,2
DA:149,2
DA:150,2
DA:151,2
DA:152,2
DA:153,2
DA:163,2
DA:164,4
DA:165,1
DA:166,1
DA:167,1
DA:178,4
DA:179,4
DA:181,2
DA:182,0
DA:184,2
DA:185,4
DA:188,2
DA:189,0
DA:190,0
DA:199,2
DA:214,2
DA:215,0
DA:216,0
DA:217,0
DA:218,0
DA:219,0
DA:229,2
DA:230,0
DA:237,2
DA:238,2
DA:240,3
DA:242,2
DA:249,1
LF:73
LH:55
BRDA:16,0,0,0
BRDA:16,0,1,1
BRDA:17,1,0,0
BRDA:17,1,1,1
BRDA:50,2,0,1
BRDA:50,2,1,0
BRDA:53,3,0,1
BRDA:53,3,1,0
BRDA:62,4,0,1
BRDA:62,4,1,0
BRDA:89,5,0,0
BRDA:89,5,1,0
BRDA:111,6,0,1
BRDA:111,6,1,2
BRDA:133,7,0,4
BRDA:133,7,1,4
BRDA:143,8,0,2
BRDA:143,8,1,2
BRDA:143,9,0,4
BRDA:143,9,1,3
BRDA:149,10,0,2
BRDA:149,10,1,0
BRDA:149,11,0,2
BRDA:149,11,1,2
BRDA:151,12,0,2
BRDA:151,12,1,0
BRDA:164,13,0,1
BRDA:164,13,1,3
BRDA:166,14,0,1
BRDA:166,14,1,0
BRDA:178,15,0,4
BRDA:178,15,1,4
BRDA:179,16,0,4
BRDA:179,16,1,4
BRDA:181,17,0,0
BRDA:181,17,1,2
BRDA:184,18,0,2
BRDA:184,18,1,0
BRDA:188,19,0,0
BRDA:188,19,1,2
BRDA:188,20,0,2
BRDA:188,20,1,2
BRDA:217,21,0,0
BRDA:217,21,1,0
BRDA:229,22,0,0
BRDA:229,22,1,2
BRDA:238,23,0,1
BRDA:238,23,1,0
BRDA:238,24,0,1
BRDA:238,24,1,1
BRDA:240,25,0,3
BRDA:240,25,1,1
BRF:52
BRH:35
end_of_record
